Performing C++ SOURCE FILE Test EIGEN_COMPILER_SUPPORT_CPP11 failed with the following output:
Change Dir: E:/Cowain_Algorithm_library/CoVisionLibs/ThirdParty/eigen3/out/build/x64-Debug/CMakeFiles/CMakeTmp

Run Build Command(s):E:\SOFT\VS\VS1\COMMON7\IDE\COMMONEXTENSIONS\MICROSOFT\CMAKE\Ninja\ninja.exe cmTC_44c71 && [1/2] Building CXX object CMakeFiles\cmTC_44c71.dir\src.cxx.obj
cl: 命令行 warning D9002 :忽略未知选项“-std=c++11”
[2/2] Linking CXX executable cmTC_44c71.exe


Source file was:
int main() { return 0; }
Performing C++ SOURCE FILE Test EIGEN_COMPILER_SUPPORT_CXX11 failed with the following output:
Change Dir: E:/Cowain_Algorithm_library/CoVisionLibs/ThirdParty/eigen3/out/build/x64-Debug/CMakeFiles/CMakeTmp

Run Build Command(s):E:\SOFT\VS\VS1\COMMON7\IDE\COMMONEXTENSIONS\MICROSOFT\CMAKE\Ninja\ninja.exe cmTC_620c3 && [1/2] Building CXX object CMakeFiles\cmTC_620c3.dir\src.cxx.obj
cl: 命令行 warning D9002 :忽略未知选项“-std=c++11”
[2/2] Linking CXX executable cmTC_620c3.exe


Source file was:
int main() { return 0; }
Determining if the include file pthread.h exists failed with the following output:
Change Dir: E:/Cowain_Algorithm_library/CoVisionLibs/ThirdParty/eigen3/out/build/x64-Debug/CMakeFiles/CMakeTmp

Run Build Command(s):E:\SOFT\VS\VS1\COMMON7\IDE\COMMONEXTENSIONS\MICROSOFT\CMAKE\Ninja\ninja.exe cmTC_70568 && [1/2] Building C object CMakeFiles\cmTC_70568.dir\CheckIncludeFile.c.obj
FAILED: CMakeFiles/cmTC_70568.dir/CheckIncludeFile.c.obj 
E:\soft\VS\VS1\VC\Tools\MSVC\14.29.30133\bin\Hostx64\x64\cl.exe  /nologo   /DWIN32 /D_WINDOWS /W3  /MDd /Zi /Ob0 /Od /RTC1 /showIncludes /FoCMakeFiles\cmTC_70568.dir\CheckIncludeFile.c.obj /FdCMakeFiles\cmTC_70568.dir\ /FS -c CheckIncludeFile.c
CheckIncludeFile.c(1): fatal error C1083: 无法打开包括文件: “pthread.h”: No such file or directory
ninja: build stopped: subcommand failed.



The MPI test test_mpi for C in mode normal failed to compile with the following output:
Change Dir: E:/Cowain_Algorithm_library/CoVisionLibs/ThirdParty/eigen3/out/build/x64-Debug/CMakeFiles/CMakeTmp

Run Build Command(s):E:\SOFT\VS\VS1\COMMON7\IDE\COMMONEXTENSIONS\MICROSOFT\CMAKE\Ninja\ninja.exe cmTC_80fd0 && [1/2] Building C object CMakeFiles\cmTC_80fd0.dir\test_mpi.c.obj
FAILED: CMakeFiles/cmTC_80fd0.dir/test_mpi.c.obj 
E:\soft\VS\VS1\VC\Tools\MSVC\14.29.30133\bin\Hostx64\x64\cl.exe  /nologo   /DWIN32 /D_WINDOWS /W3  /MDd /Zi /Ob0 /Od /RTC1 /showIncludes /FoCMakeFiles\cmTC_80fd0.dir\test_mpi.c.obj /FdCMakeFiles\cmTC_80fd0.dir\ /FS -c E:\soft\VS\VS1\Common7\IDE\CommonExtensions\Microsoft\CMake\CMake\share\cmake-3.20\Modules\FindMPI\test_mpi.c
E:\soft\VS\VS1\Common7\IDE\CommonExtensions\Microsoft\CMake\CMake\share\cmake-3.20\Modules\FindMPI\test_mpi.c(1): fatal error C1083: 无法打开包括文件: “mpi.h”: No such file or directory
ninja: build stopped: subcommand failed.



The MPI test test_mpi for CXX in mode normal failed to compile with the following output:
Change Dir: E:/Cowain_Algorithm_library/CoVisionLibs/ThirdParty/eigen3/out/build/x64-Debug/CMakeFiles/CMakeTmp

Run Build Command(s):E:\SOFT\VS\VS1\COMMON7\IDE\COMMONEXTENSIONS\MICROSOFT\CMAKE\Ninja\ninja.exe cmTC_a5d82 && [1/2] Building CXX object CMakeFiles\cmTC_a5d82.dir\test_mpi.cpp.obj
FAILED: CMakeFiles/cmTC_a5d82.dir/test_mpi.cpp.obj 
E:\soft\VS\VS1\VC\Tools\MSVC\14.29.30133\bin\Hostx64\x64\cl.exe  /nologo /TP   /DWIN32 /D_WINDOWS /W4 /GR /EHsc /EHsc /wd4127 /wd4505 /wd4714 /D_CRT_SECURE_NO_WARNINGS /D_SCL_SECURE_NO_WARNINGS  /MDd /Zi /Ob0 /Od /RTC1 /showIncludes /FoCMakeFiles\cmTC_a5d82.dir\test_mpi.cpp.obj /FdCMakeFiles\cmTC_a5d82.dir\ /FS -c E:\Cowain_Algorithm_library\CoVisionLibs\ThirdParty\eigen3\out\build\x64-Debug\CMakeFiles\FindMPI\test_mpi.cpp
E:\Cowain_Algorithm_library\CoVisionLibs\ThirdParty\eigen3\out\build\x64-Debug\CMakeFiles\FindMPI\test_mpi.cpp(1): fatal error C1083: 无法打开包括文件: “mpi.h”: No such file or directory
ninja: build stopped: subcommand failed.



The MPI test test_mpi for Fortran in mode F77_HEADER failed to compile with the following output:
Change Dir: E:/Cowain_Algorithm_library/CoVisionLibs/ThirdParty/eigen3/out/build/x64-Debug/CMakeFiles/CMakeTmp

Run Build Command(s):E:\SOFT\VS\VS1\COMMON7\IDE\COMMONEXTENSIONS\MICROSOFT\CMAKE\Ninja\ninja.exe cmTC_cf4c1 && [1/4] Building Fortran preprocessed CMakeFiles/cmTC_cf4c1.dir/test_mpi.f90-pp.f90
[2/4] Generating Fortran dyndep file CMakeFiles/cmTC_cf4c1.dir/Fortran.dd
[3/4] Building Fortran object CMakeFiles/cmTC_cf4c1.dir/test_mpi.f90.obj
FAILED: CMakeFiles/cmTC_cf4c1.dir/test_mpi.f90.obj 
C:\Strawberry\c\bin\gfortran.exe -IE:\Cowain_Algorithm_library\CoVisionLibs\ThirdParty\eigen3\out\build\x64-Debug\CMakeFiles\FindMPI -fpreprocessed -c CMakeFiles/cmTC_cf4c1.dir/test_mpi.f90-pp.f90 -o CMakeFiles/cmTC_cf4c1.dir/test_mpi.f90.obj
E:/Cowain_Algorithm_library/CoVisionLibs/ThirdParty/eigen3/out/build/x64-Debug/CMakeFiles/FindMPI/test_mpi.f90:3: Error: Can't open included file 'mpif.h'
ninja: build stopped: subcommand failed.



The MPI test test_mpi for Fortran in mode F90_MODULE failed to compile with the following output:
Change Dir: E:/Cowain_Algorithm_library/CoVisionLibs/ThirdParty/eigen3/out/build/x64-Debug/CMakeFiles/CMakeTmp

Run Build Command(s):E:\SOFT\VS\VS1\COMMON7\IDE\COMMONEXTENSIONS\MICROSOFT\CMAKE\Ninja\ninja.exe cmTC_1b174 && [1/4] Building Fortran preprocessed CMakeFiles/cmTC_1b174.dir/test_mpi.f90-pp.f90
[2/4] Generating Fortran dyndep file CMakeFiles/cmTC_1b174.dir/Fortran.dd
[3/4] Building Fortran object CMakeFiles/cmTC_1b174.dir/test_mpi.f90.obj
FAILED: CMakeFiles/cmTC_1b174.dir/test_mpi.f90.obj 
C:\Strawberry\c\bin\gfortran.exe -IE:\Cowain_Algorithm_library\CoVisionLibs\ThirdParty\eigen3\out\build\x64-Debug\CMakeFiles\FindMPI -fpreprocessed -c CMakeFiles/cmTC_1b174.dir/test_mpi.f90-pp.f90 -o CMakeFiles/cmTC_1b174.dir/test_mpi.f90.obj
E:/Cowain_Algorithm_library/CoVisionLibs/ThirdParty/eigen3/out/build/x64-Debug/CMakeFiles/FindMPI/test_mpi.f90:2.10:

      use mpi
          1
Fatal Error: Can't open module file 'mpi.mod' for reading at (1): No such file or directory
ninja: build stopped: subcommand failed.



The MPI test test_mpi for Fortran in mode F08_MODULE failed to compile with the following output:
Change Dir: E:/Cowain_Algorithm_library/CoVisionLibs/ThirdParty/eigen3/out/build/x64-Debug/CMakeFiles/CMakeTmp

Run Build Command(s):E:\SOFT\VS\VS1\COMMON7\IDE\COMMONEXTENSIONS\MICROSOFT\CMAKE\Ninja\ninja.exe cmTC_395e5 && [1/4] Building Fortran preprocessed CMakeFiles/cmTC_395e5.dir/test_mpi.f90-pp.f90
[2/4] Generating Fortran dyndep file CMakeFiles/cmTC_395e5.dir/Fortran.dd
[3/4] Building Fortran object CMakeFiles/cmTC_395e5.dir/test_mpi.f90.obj
FAILED: CMakeFiles/cmTC_395e5.dir/test_mpi.f90.obj 
C:\Strawberry\c\bin\gfortran.exe -IE:\Cowain_Algorithm_library\CoVisionLibs\ThirdParty\eigen3\out\build\x64-Debug\CMakeFiles\FindMPI -fpreprocessed -c CMakeFiles/cmTC_395e5.dir/test_mpi.f90-pp.f90 -o CMakeFiles/cmTC_395e5.dir/test_mpi.f90.obj
E:/Cowain_Algorithm_library/CoVisionLibs/ThirdParty/eigen3/out/build/x64-Debug/CMakeFiles/FindMPI/test_mpi.f90:2.10:

      use mpi_f08
          1
Fatal Error: Can't open module file 'mpi_f08.mod' for reading at (1): No such file or directory
ninja: build stopped: subcommand failed.



The MPI test test_mpi for Fortran in mode F77_HEADER_NOKIND failed to compile with the following output:
Change Dir: E:/Cowain_Algorithm_library/CoVisionLibs/ThirdParty/eigen3/out/build/x64-Debug/CMakeFiles/CMakeTmp

Run Build Command(s):E:\SOFT\VS\VS1\COMMON7\IDE\COMMONEXTENSIONS\MICROSOFT\CMAKE\Ninja\ninja.exe cmTC_ce1cc && [1/4] Building Fortran preprocessed CMakeFiles/cmTC_ce1cc.dir/test_mpi.f90-pp.f90
[2/4] Generating Fortran dyndep file CMakeFiles/cmTC_ce1cc.dir/Fortran.dd
[3/4] Building Fortran object CMakeFiles/cmTC_ce1cc.dir/test_mpi.f90.obj
FAILED: CMakeFiles/cmTC_ce1cc.dir/test_mpi.f90.obj 
C:\Strawberry\c\bin\gfortran.exe -IE:\Cowain_Algorithm_library\CoVisionLibs\ThirdParty\eigen3\out\build\x64-Debug\CMakeFiles\FindMPI -fpreprocessed -c CMakeFiles/cmTC_ce1cc.dir/test_mpi.f90-pp.f90 -o CMakeFiles/cmTC_ce1cc.dir/test_mpi.f90.obj
E:/Cowain_Algorithm_library/CoVisionLibs/ThirdParty/eigen3/out/build/x64-Debug/CMakeFiles/FindMPI/test_mpi.f90:3: Error: Can't open included file 'mpif.h'
ninja: build stopped: subcommand failed.



Performing C SOURCE FILE Test SCOTCH_Num_4 failed with the following compile output:
Change Dir: E:/Cowain_Algorithm_library/CoVisionLibs/ThirdParty/eigen3/out/build/x64-Debug/CMakeFiles/CMakeTmp

Run Build Command(s):E:\SOFT\VS\VS1\COMMON7\IDE\COMMONEXTENSIONS\MICROSOFT\CMAKE\Ninja\ninja.exe cmTC_6b55c && [1/2] Building C object CMakeFiles\cmTC_6b55c.dir\src.c.obj
FAILED: CMakeFiles/cmTC_6b55c.dir/src.c.obj 
E:\soft\VS\VS1\VC\Tools\MSVC\14.29.30133\bin\Hostx64\x64\cl.exe  /nologo -DSCOTCH_Num_4  /DWIN32 /D_WINDOWS /W3  /MDd /Zi /Ob0 /Od /RTC1 /showIncludes /FoCMakeFiles\cmTC_6b55c.dir\src.c.obj /FdCMakeFiles\cmTC_6b55c.dir\ /FS -c src.c
src.c(4): fatal error C1083: 无法打开包括文件: “scotch.h”: No such file or directory
ninja: build stopped: subcommand failed.


...and run output:

Return value: 1
Source file was:

#include <stdio.h>
#include <stdint.h>
#include <scotch.h>
int main(int argc, char **argv) {
  if (sizeof(SCOTCH_Num) == 4)
    return 0;
  else
    return 1;
}

Performing C SOURCE FILE Test SCOTCH_Num_8 failed with the following compile output:
Change Dir: E:/Cowain_Algorithm_library/CoVisionLibs/ThirdParty/eigen3/out/build/x64-Debug/CMakeFiles/CMakeTmp

Run Build Command(s):E:\SOFT\VS\VS1\COMMON7\IDE\COMMONEXTENSIONS\MICROSOFT\CMAKE\Ninja\ninja.exe cmTC_29f98 && [1/2] Building C object CMakeFiles\cmTC_29f98.dir\src.c.obj
FAILED: CMakeFiles/cmTC_29f98.dir/src.c.obj 
E:\soft\VS\VS1\VC\Tools\MSVC\14.29.30133\bin\Hostx64\x64\cl.exe  /nologo -DSCOTCH_Num_8  /DWIN32 /D_WINDOWS /W3  /MDd /Zi /Ob0 /Od /RTC1 /showIncludes /FoCMakeFiles\cmTC_29f98.dir\src.c.obj /FdCMakeFiles\cmTC_29f98.dir\ /FS -c src.c
src.c(4): fatal error C1083: 无法打开包括文件: “scotch.h”: No such file or directory
ninja: build stopped: subcommand failed.


...and run output:

Return value: 1
Source file was:

#include <stdio.h>
#include <stdint.h>
#include <scotch.h>
int main(int argc, char **argv) {
  if (sizeof(SCOTCH_Num) == 8)
    return 0;
  else
    return 1;
}

The MPI test test_mpi for C in mode normal failed to compile with the following output:
Change Dir: E:/Cowain_Algorithm_library/CoVisionLibs/ThirdParty/eigen3/out/build/x64-Debug/CMakeFiles/CMakeTmp

Run Build Command(s):E:\SOFT\VS\VS1\COMMON7\IDE\COMMONEXTENSIONS\MICROSOFT\CMAKE\Ninja\ninja.exe cmTC_5b170 && [1/2] Building C object CMakeFiles\cmTC_5b170.dir\test_mpi.c.obj
FAILED: CMakeFiles/cmTC_5b170.dir/test_mpi.c.obj 
E:\soft\VS\VS1\VC\Tools\MSVC\14.29.30133\bin\Hostx64\x64\cl.exe  /nologo   /DWIN32 /D_WINDOWS /W3  /MDd /Zi /Ob0 /Od /RTC1 /showIncludes /FoCMakeFiles\cmTC_5b170.dir\test_mpi.c.obj /FdCMakeFiles\cmTC_5b170.dir\ /FS -c E:\soft\VS\VS1\Common7\IDE\CommonExtensions\Microsoft\CMake\CMake\share\cmake-3.20\Modules\FindMPI\test_mpi.c
E:\soft\VS\VS1\Common7\IDE\CommonExtensions\Microsoft\CMake\CMake\share\cmake-3.20\Modules\FindMPI\test_mpi.c(1): fatal error C1083: 无法打开包括文件: “mpi.h”: No such file or directory
ninja: build stopped: subcommand failed.



The MPI test test_mpi for CXX in mode normal failed to compile with the following output:
Change Dir: E:/Cowain_Algorithm_library/CoVisionLibs/ThirdParty/eigen3/out/build/x64-Debug/CMakeFiles/CMakeTmp

Run Build Command(s):E:\SOFT\VS\VS1\COMMON7\IDE\COMMONEXTENSIONS\MICROSOFT\CMAKE\Ninja\ninja.exe cmTC_b4634 && [1/2] Building CXX object CMakeFiles\cmTC_b4634.dir\test_mpi.cpp.obj
FAILED: CMakeFiles/cmTC_b4634.dir/test_mpi.cpp.obj 
E:\soft\VS\VS1\VC\Tools\MSVC\14.29.30133\bin\Hostx64\x64\cl.exe  /nologo /TP   /DWIN32 /D_WINDOWS /W4 /GR /EHsc /EHsc /wd4127 /wd4505 /wd4714 /D_CRT_SECURE_NO_WARNINGS /D_SCL_SECURE_NO_WARNINGS  /MDd /Zi /Ob0 /Od /RTC1 /showIncludes /FoCMakeFiles\cmTC_b4634.dir\test_mpi.cpp.obj /FdCMakeFiles\cmTC_b4634.dir\ /FS -c E:\Cowain_Algorithm_library\CoVisionLibs\ThirdParty\eigen3\out\build\x64-Debug\CMakeFiles\FindMPI\test_mpi.cpp
E:\Cowain_Algorithm_library\CoVisionLibs\ThirdParty\eigen3\out\build\x64-Debug\CMakeFiles\FindMPI\test_mpi.cpp(1): fatal error C1083: 无法打开包括文件: “mpi.h”: No such file or directory
ninja: build stopped: subcommand failed.



The MPI test test_mpi for Fortran in mode F77_HEADER failed to compile with the following output:
Change Dir: E:/Cowain_Algorithm_library/CoVisionLibs/ThirdParty/eigen3/out/build/x64-Debug/CMakeFiles/CMakeTmp

Run Build Command(s):E:\SOFT\VS\VS1\COMMON7\IDE\COMMONEXTENSIONS\MICROSOFT\CMAKE\Ninja\ninja.exe cmTC_77a29 && [1/4] Building Fortran preprocessed CMakeFiles/cmTC_77a29.dir/test_mpi.f90-pp.f90
[2/4] Generating Fortran dyndep file CMakeFiles/cmTC_77a29.dir/Fortran.dd
[3/4] Building Fortran object CMakeFiles/cmTC_77a29.dir/test_mpi.f90.obj
FAILED: CMakeFiles/cmTC_77a29.dir/test_mpi.f90.obj 
C:\Strawberry\c\bin\gfortran.exe -IE:\Cowain_Algorithm_library\CoVisionLibs\ThirdParty\eigen3\out\build\x64-Debug\CMakeFiles\FindMPI -fpreprocessed -c CMakeFiles/cmTC_77a29.dir/test_mpi.f90-pp.f90 -o CMakeFiles/cmTC_77a29.dir/test_mpi.f90.obj
E:/Cowain_Algorithm_library/CoVisionLibs/ThirdParty/eigen3/out/build/x64-Debug/CMakeFiles/FindMPI/test_mpi.f90:3: Error: Can't open included file 'mpif.h'
ninja: build stopped: subcommand failed.



The MPI test test_mpi for Fortran in mode F90_MODULE failed to compile with the following output:
Change Dir: E:/Cowain_Algorithm_library/CoVisionLibs/ThirdParty/eigen3/out/build/x64-Debug/CMakeFiles/CMakeTmp

Run Build Command(s):E:\SOFT\VS\VS1\COMMON7\IDE\COMMONEXTENSIONS\MICROSOFT\CMAKE\Ninja\ninja.exe cmTC_994e7 && [1/4] Building Fortran preprocessed CMakeFiles/cmTC_994e7.dir/test_mpi.f90-pp.f90
[2/4] Generating Fortran dyndep file CMakeFiles/cmTC_994e7.dir/Fortran.dd
[3/4] Building Fortran object CMakeFiles/cmTC_994e7.dir/test_mpi.f90.obj
FAILED: CMakeFiles/cmTC_994e7.dir/test_mpi.f90.obj 
C:\Strawberry\c\bin\gfortran.exe -IE:\Cowain_Algorithm_library\CoVisionLibs\ThirdParty\eigen3\out\build\x64-Debug\CMakeFiles\FindMPI -fpreprocessed -c CMakeFiles/cmTC_994e7.dir/test_mpi.f90-pp.f90 -o CMakeFiles/cmTC_994e7.dir/test_mpi.f90.obj
E:/Cowain_Algorithm_library/CoVisionLibs/ThirdParty/eigen3/out/build/x64-Debug/CMakeFiles/FindMPI/test_mpi.f90:2.10:

      use mpi
          1
Fatal Error: Can't open module file 'mpi.mod' for reading at (1): No such file or directory
ninja: build stopped: subcommand failed.



The MPI test test_mpi for Fortran in mode F08_MODULE failed to compile with the following output:
Change Dir: E:/Cowain_Algorithm_library/CoVisionLibs/ThirdParty/eigen3/out/build/x64-Debug/CMakeFiles/CMakeTmp

Run Build Command(s):E:\SOFT\VS\VS1\COMMON7\IDE\COMMONEXTENSIONS\MICROSOFT\CMAKE\Ninja\ninja.exe cmTC_51566 && [1/4] Building Fortran preprocessed CMakeFiles/cmTC_51566.dir/test_mpi.f90-pp.f90
[2/4] Generating Fortran dyndep file CMakeFiles/cmTC_51566.dir/Fortran.dd
[3/4] Building Fortran object CMakeFiles/cmTC_51566.dir/test_mpi.f90.obj
FAILED: CMakeFiles/cmTC_51566.dir/test_mpi.f90.obj 
C:\Strawberry\c\bin\gfortran.exe -IE:\Cowain_Algorithm_library\CoVisionLibs\ThirdParty\eigen3\out\build\x64-Debug\CMakeFiles\FindMPI -fpreprocessed -c CMakeFiles/cmTC_51566.dir/test_mpi.f90-pp.f90 -o CMakeFiles/cmTC_51566.dir/test_mpi.f90.obj
E:/Cowain_Algorithm_library/CoVisionLibs/ThirdParty/eigen3/out/build/x64-Debug/CMakeFiles/FindMPI/test_mpi.f90:2.10:

      use mpi_f08
          1
Fatal Error: Can't open module file 'mpi_f08.mod' for reading at (1): No such file or directory
ninja: build stopped: subcommand failed.



The MPI test test_mpi for Fortran in mode F77_HEADER_NOKIND failed to compile with the following output:
Change Dir: E:/Cowain_Algorithm_library/CoVisionLibs/ThirdParty/eigen3/out/build/x64-Debug/CMakeFiles/CMakeTmp

Run Build Command(s):E:\SOFT\VS\VS1\COMMON7\IDE\COMMONEXTENSIONS\MICROSOFT\CMAKE\Ninja\ninja.exe cmTC_a527a && [1/4] Building Fortran preprocessed CMakeFiles/cmTC_a527a.dir/test_mpi.f90-pp.f90
[2/4] Generating Fortran dyndep file CMakeFiles/cmTC_a527a.dir/Fortran.dd
[3/4] Building Fortran object CMakeFiles/cmTC_a527a.dir/test_mpi.f90.obj
FAILED: CMakeFiles/cmTC_a527a.dir/test_mpi.f90.obj 
C:\Strawberry\c\bin\gfortran.exe -IE:\Cowain_Algorithm_library\CoVisionLibs\ThirdParty\eigen3\out\build\x64-Debug\CMakeFiles\FindMPI -fpreprocessed -c CMakeFiles/cmTC_a527a.dir/test_mpi.f90-pp.f90 -o CMakeFiles/cmTC_a527a.dir/test_mpi.f90.obj
E:/Cowain_Algorithm_library/CoVisionLibs/ThirdParty/eigen3/out/build/x64-Debug/CMakeFiles/FindMPI/test_mpi.f90:3: Error: Can't open included file 'mpif.h'
ninja: build stopped: subcommand failed.



Performing C SOURCE FILE Test PTSCOTCH_Num_4 failed with the following compile output:
Change Dir: E:/Cowain_Algorithm_library/CoVisionLibs/ThirdParty/eigen3/out/build/x64-Debug/CMakeFiles/CMakeTmp

Run Build Command(s):E:\SOFT\VS\VS1\COMMON7\IDE\COMMONEXTENSIONS\MICROSOFT\CMAKE\Ninja\ninja.exe cmTC_e2307 && [1/2] Building C object CMakeFiles\cmTC_e2307.dir\src.c.obj
FAILED: CMakeFiles/cmTC_e2307.dir/src.c.obj 
E:\soft\VS\VS1\VC\Tools\MSVC\14.29.30133\bin\Hostx64\x64\cl.exe  /nologo -DPTSCOTCH_Num_4  /DWIN32 /D_WINDOWS /W3  /MDd /Zi /Ob0 /Od /RTC1 /showIncludes /FoCMakeFiles\cmTC_e2307.dir\src.c.obj /FdCMakeFiles\cmTC_e2307.dir\ /FS -c src.c
src.c(4): fatal error C1083: 无法打开包括文件: “ptscotch.h”: No such file or directory
ninja: build stopped: subcommand failed.


...and run output:

Return value: 1
Source file was:

#include <stdio.h>
#include <stdint.h>
#include <ptscotch.h>
int main(int argc, char **argv) {
  if (sizeof(SCOTCH_Num) == 4)
    return 0;
  else
    return 1;
}

Performing C SOURCE FILE Test PTSCOTCH_Num_8 failed with the following compile output:
Change Dir: E:/Cowain_Algorithm_library/CoVisionLibs/ThirdParty/eigen3/out/build/x64-Debug/CMakeFiles/CMakeTmp

Run Build Command(s):E:\SOFT\VS\VS1\COMMON7\IDE\COMMONEXTENSIONS\MICROSOFT\CMAKE\Ninja\ninja.exe cmTC_f7cf3 && [1/2] Building C object CMakeFiles\cmTC_f7cf3.dir\src.c.obj
FAILED: CMakeFiles/cmTC_f7cf3.dir/src.c.obj 
E:\soft\VS\VS1\VC\Tools\MSVC\14.29.30133\bin\Hostx64\x64\cl.exe  /nologo -DPTSCOTCH_Num_8  /DWIN32 /D_WINDOWS /W3  /MDd /Zi /Ob0 /Od /RTC1 /showIncludes /FoCMakeFiles\cmTC_f7cf3.dir\src.c.obj /FdCMakeFiles\cmTC_f7cf3.dir\ /FS -c src.c
src.c(4): fatal error C1083: 无法打开包括文件: “ptscotch.h”: No such file or directory
ninja: build stopped: subcommand failed.


...and run output:

Return value: 1
Source file was:

#include <stdio.h>
#include <stdint.h>
#include <ptscotch.h>
int main(int argc, char **argv) {
  if (sizeof(SCOTCH_Num) == 8)
    return 0;
  else
    return 1;
}

Performing C++ SOURCE FILE Test COMPILER_SUPPORT_FASTMATH failed with the following output:
Change Dir: E:/Cowain_Algorithm_library/CoVisionLibs/ThirdParty/eigen3/out/build/x64-Debug/CMakeFiles/CMakeTmp

Run Build Command(s):E:\SOFT\VS\VS1\COMMON7\IDE\COMMONEXTENSIONS\MICROSOFT\CMAKE\Ninja\ninja.exe cmTC_776e8 && [1/2] Building CXX object CMakeFiles\cmTC_776e8.dir\src.cxx.obj
cl: 命令行 warning D9002 :忽略未知选项“-ffast-math”
[2/2] Linking CXX executable cmTC_776e8.exe


Source file was:
int main() { return 0; }
